<?xml version="1.0" encoding="UTF-8"?>
<!-- Generated by org.testng.reporters.JUnitXMLReporter -->
<testsuite ignored="1" hostname="LAPTOP-LSARCF0V" failures="1" tests="10" name="Test" time="313.631" errors="0" timestamp="20 Aug 2019 14:13:06 GMT">
  <testcase classname="Guru.Project.TelecomProjectForTestNG.Tests.addNewCustomerTestPageTests" name="addingNewCustomerTest" time="41.793"/>
  <testcase classname="Guru.Project.TelecomProjectForTestNG.Tests.addNewCustomerTestPageTests" name="testCaseForMobileField" time="19.268">
    <failure type="java.lang.AssertionError" message="expected [false] but found [true]">
      <![CDATA[java.lang.AssertionError: expected [false] but found [true]
at Guru.Project.TelecomProjectForTestNG.Tests.addNewCustomerTestPageTests.testCaseForMobileField(addNewCustomerTestPageTests.java:108)
... Removed 31 stack frames]]>
    </failure>
  </testcase> <!-- testCaseForMobileField -->
  <testcase classname="Guru.Project.TelecomProjectForTestNG.Tests.addNewCustomerTestPageTests" name="testCaseForAddCuustTextFields" time="9.577"/>
  <testcase classname="Guru.Project.TelecomProjectForTestNG.Tests.testCase_AddingNewTariffPageTests" name="addingNewTariff" time="15.663"/>
  <testcase classname="Guru.Project.TelecomProjectForTestNG.Tests.testCase_AddingNewTariffPageTests" name="validating_SpecialChar_TST007" time="14.948"/>
  <testcase classname="Guru.Project.TelecomProjectForTestNG.Tests.testCase_AddingNewTariffPageTests" name="validating_NumbersAndMustNotEmpty_TST009" time="24.372"/>
  <testcase classname="Guru.Project.TelecomProjectForTestNG.Tests.testCase_AddingNewTariffPageTests" name="validating_CharacterNotAllowed_TST008" time="24.203"/>
  <testcase classname="Guru.Project.TelecomProjectForTestNG.Tests.testCase_AddingNewTariffPageTests" name="validating_SMSPerCharges" time="8.288"/>
  <testcase classname="Guru.Project.TelecomProjectForTestNG.Tests.testCase_TST010_AddTariffPlanToCust" name="addTariffToCustomer" time="31.423"/>
  <testcase classname="Guru.Project.TelecomProjectForTestNG.Tests.testCase_TST011_CheckingCustBill" name="CheckingBillOfCustomer" time="26.883"/>
  <testcase classname="Guru.Project.TelecomProjectForTestNG.Tests.addNewCustomerTestPageTests" name="testCaseForAddress" time="0.0">
    <ignored/>
  </testcase> <!-- testCaseForAddress -->
</testsuite> <!-- Test -->
